2022-12-15 21:54:09,759 [INFO] com.electronicstore.OnlineElectronicStoreApplication [restartedMain] Starting OnlineElectronicStoreApplication using Java 17.0.4.1 on lin76002590 with PID 25892 (C:\Users\ANMALLIK\Documents\workspace-spring-tool-suite-4-4.16.0.RELEASE\OnlineElectronicStoreProject\OnlineElectronicStore\bin\main started by anmallik in C:\Users\ANMALLIK\Documents\workspace-spring-tool-suite-4-4.16.0.RELEASE\OnlineElectronicStoreProject\OnlineElectronicStore)
2022-12-15 21:54:09,776 [INFO] com.electronicstore.OnlineElectronicStoreApplication [restartedMain] No active profile set, falling back to 1 default profile: "default"
2022-12-15 21:54:09,901 [INFO] org.springframework.boot.devtools.env.DevToolsPropertyDefaultsPostProcessor [restartedMain] Devtools property defaults active! Set 'spring.devtools.add-properties' to 'false' to disable
2022-12-15 21:54:09,901 [INFO] org.springframework.boot.devtools.env.DevToolsPropertyDefaultsPostProcessor [restartedMain] For additional web related logging consider setting the 'logging.level.web' property to 'DEBUG'
2022-12-15 21:54:10,937 [INFO] org.springframework.data.repository.config.RepositoryConfigurationDelegate [restartedMain] Bootstrapping Spring Data JPA repositories in DEFAULT mode.
2022-12-15 21:54:11,026 [INFO] org.springframework.data.repository.config.RepositoryConfigurationDelegate [restartedMain] Finished Spring Data repository scanning in 75 ms. Found 2 JPA repository interfaces.
2022-12-15 21:54:12,245 [INFO] org.springframework.boot.web.embedded.tomcat.TomcatWebServer [restartedMain] Tomcat initialized with port(s): 8888 (http)
2022-12-15 21:54:12,259 [INFO] org.apache.catalina.core.StandardService [restartedMain] Starting service [Tomcat]
2022-12-15 21:54:12,260 [INFO] org.apache.catalina.core.StandardEngine [restartedMain] Starting Servlet engine: [Apache Tomcat/9.0.68]
2022-12-15 21:54:12,418 [INFO] org.apache.catalina.core.ContainerBase.[Tomcat].[localhost].[/] [restartedMain] Initializing Spring embedded WebApplicationContext
2022-12-15 21:54:12,419 [INFO] org.springframework.boot.web.servlet.context.ServletWebServerApplicationContext [restartedMain] Root WebApplicationContext: initialization completed in 2516 ms
2022-12-15 21:54:12,840 [INFO] org.hibernate.jpa.internal.util.LogHelper [restartedMain] HHH000204: Processing PersistenceUnitInfo [name: default]
2022-12-15 21:54:12,960 [INFO] org.hibernate.Version [restartedMain] HHH000412: Hibernate ORM core version 5.6.12.Final
2022-12-15 21:54:13,269 [INFO] org.hibernate.annotations.common.Version [restartedMain] HCANN000001: Hibernate Commons Annotations {5.1.2.Final}
2022-12-15 21:54:13,415 [INFO] com.zaxxer.hikari.HikariDataSource [restartedMain] HikariPool-1 - Starting...
2022-12-15 21:54:13,715 [INFO] com.zaxxer.hikari.HikariDataSource [restartedMain] HikariPool-1 - Start completed.
2022-12-15 21:54:13,734 [INFO] org.hibernate.dialect.Dialect [restartedMain] HHH000400: Using dialect: org.hibernate.dialect.PostgreSQLDialect
2022-12-15 21:54:14,802 [INFO] org.hibernate.engine.transaction.jta.platform.internal.JtaPlatformInitiator [restartedMain] HHH000490: Using JtaPlatform implementation: [org.hibernate.engine.transaction.jta.platform.internal.NoJtaPlatform]
2022-12-15 21:54:14,812 [INFO] org.springframework.orm.jpa.LocalContainerEntityManagerFactoryBean [restartedMain] Initialized JPA EntityManagerFactory for persistence unit 'default'
2022-12-15 21:54:15,647 [WARN] org.springframework.boot.autoconfigure.orm.jpa.JpaBaseConfiguration$JpaWebConfiguration [restartedMain] spring.jpa.open-in-view is enabled by default. Therefore, database queries may be performed during view rendering. Explicitly configure spring.jpa.open-in-view to disable this warning
2022-12-15 21:54:16,372 [INFO] org.springframework.boot.devtools.autoconfigure.OptionalLiveReloadServer [restartedMain] LiveReload server is running on port 35729
2022-12-15 21:54:16,462 [INFO] org.springframework.boot.web.embedded.tomcat.TomcatWebServer [restartedMain] Tomcat started on port(s): 8888 (http) with context path ''
2022-12-15 21:54:16,506 [INFO] com.electronicstore.OnlineElectronicStoreApplication [restartedMain] Started OnlineElectronicStoreApplication in 7.324 seconds (JVM running for 8.193)
